{
  "RSpec": {
    "coverage": {
      "/Users/kristennestler/turing/mod1/projects/night_writer/lib/dictionary.rb": {
        "lines": [
          1,
          null,
          1,
          8,
          null,
          null,
          null,
          null,
          null,
          null,
          null,
          null,
          null,
          null,
          null,
          null,
          null,
          null,
          null,
          null,
          null,
          null,
          null,
          null,
          null,
          null,
          null,
          null,
          null,
          null,
          null,
          null
        ]
      },
      "/Users/kristennestler/turing/mod1/projects/night_writer/lib/write_braille.rb": {
        "lines": [
          1,
          1,
          null,
          1,
          2,
          2,
          8,
          216,
          8,
          null,
          null,
          null,
          2,
          null,
          null
        ]
      }
    },
    "timestamp": 1664044515
  }
}
